Determining if the pthread_create exist failed with the following output:
Change Dir: /home/gleb/rosplan_ws/build/CMakeFiles/CMakeTmp

Run Build Command:"/usr/bin/make" "cmTryCompileExec2014753695/fast"
/usr/bin/make -f CMakeFiles/cmTryCompileExec2014753695.dir/build.make CMakeFiles/cmTryCompileExec2014753695.dir/build
make[1]: вход в каталог «/home/gleb/rosplan_ws/build/CMakeFiles/CMakeTmp»
/usr/bin/cmake -E cmake_progress_report /home/gleb/rosplan_ws/build/CMakeFiles/CMakeTmp/CMakeFiles 1
Building C object CMakeFiles/cmTryCompileExec2014753695.dir/CheckSymbolExists.c.o
/usr/bin/cc    -o CMakeFiles/cmTryCompileExec2014753695.dir/CheckSymbolExists.c.o   -c /home/gleb/rosplan_ws/build/CMakeFiles/CMakeTmp/CheckSymbolExists.c
Linking C executable cmTryCompileExec2014753695
/usr/bin/cmake -E cmake_link_script CMakeFiles/cmTryCompileExec2014753695.dir/link.txt --verbose=1
/usr/bin/cc       CMakeFiles/cmTryCompileExec2014753695.dir/CheckSymbolExists.c.o  -o cmTryCompileExec2014753695 -rdynamic 
CMakeFiles/cmTryCompileExec2014753695.dir/CheckSymbolExists.c.o: In function `main':
CheckSymbolExists.c:(.text+0x16): undefined reference to `pthread_create'
collect2: error: ld returned 1 exit status
CMakeFiles/cmTryCompileExec2014753695.dir/build.make:88: ошибка выполнения рецепта для цели «cmTryCompileExec2014753695»
make[1]: *** [cmTryCompileExec2014753695] Ошибка 1
make[1]: выход из каталога «/home/gleb/rosplan_ws/build/CMakeFiles/CMakeTmp»
Makefile:118: ошибка выполнения рецепта для цели «cmTryCompileExec2014753695/fast»
make: *** [cmTryCompileExec2014753695/fast] Ошибка 2

File /home/gleb/rosplan_ws/build/CMakeFiles/CMakeTmp/CheckSymbolExists.c:
/* */
#include <pthread.h>

int main(int argc, char** argv)
{
  (void)argv;
#ifndef pthread_create
  return ((int*)(&pthread_create))[argc];
#else
  (void)argc;
  return 0;
#endif
}

Determining if the function pthread_create exists in the pthreads failed with the following output:
Change Dir: /home/gleb/rosplan_ws/build/CMakeFiles/CMakeTmp

Run Build Command:"/usr/bin/make" "cmTryCompileExec1766080808/fast"
/usr/bin/make -f CMakeFiles/cmTryCompileExec1766080808.dir/build.make CMakeFiles/cmTryCompileExec1766080808.dir/build
make[1]: вход в каталог «/home/gleb/rosplan_ws/build/CMakeFiles/CMakeTmp»
/usr/bin/cmake -E cmake_progress_report /home/gleb/rosplan_ws/build/CMakeFiles/CMakeTmp/CMakeFiles 1
Building C object CMakeFiles/cmTryCompileExec1766080808.dir/CheckFunctionExists.c.o
/usr/bin/cc   -DCHECK_FUNCTION_EXISTS=pthread_create   -o CMakeFiles/cmTryCompileExec1766080808.dir/CheckFunctionExists.c.o   -c /usr/share/cmake-3.0/Modules/CheckFunctionExists.c
Linking C executable cmTryCompileExec1766080808
/usr/bin/cmake -E cmake_link_script CMakeFiles/cmTryCompileExec1766080808.dir/link.txt --verbose=1
/usr/bin/cc   -DCHECK_FUNCTION_EXISTS=pthread_create    CMakeFiles/cmTryCompileExec1766080808.dir/CheckFunctionExists.c.o  -o cmTryCompileExec1766080808 -rdynamic -lpthreads 
/usr/bin/ld: cannot find -lpthreads
collect2: error: ld returned 1 exit status
CMakeFiles/cmTryCompileExec1766080808.dir/build.make:88: ошибка выполнения рецепта для цели «cmTryCompileExec1766080808»
make[1]: *** [cmTryCompileExec1766080808] Ошибка 1
make[1]: выход из каталога «/home/gleb/rosplan_ws/build/CMakeFiles/CMakeTmp»
Makefile:118: ошибка выполнения рецепта для цели «cmTryCompileExec1766080808/fast»
make: *** [cmTryCompileExec1766080808/fast] Ошибка 2


